<?xml version="1.0" encoding="UTF-8" ?>
<testsuite tests="2" failures="2" name="TestSuite" time="5.12" errors="0" skipped="0">
  <properties>
[...]
</properties>
  <testcase classname="GeneralStore.Tests.TC01_PozitifTest" name="testGeneralStore" time="5.11">
    <failure message="Could not start a new session. Possible causes are invalid address of the remote server or browser start-up failure. 
Host info: host: &apos;NURI&apos;, ip: &apos;192.168.64.1&apos;" type="org.openqa.selenium.SessionNotCreatedException">org.openqa.selenium.SessionNotCreatedException: Could not start a new session. Possible causes are invalid address of the remote server or browser start-up failure. 
Host info: host: &apos;NURI&apos;, ip: &apos;192.168.64.1&apos;
	at org.openqa.selenium.remote.RemoteWebDriver.execute(RemoteWebDriver.java:541)
	at io.appium.java_client.AppiumDriver.startSession(AppiumDriver.java:268)
	at org.openqa.selenium.remote.RemoteWebDriver.&lt;init&gt;(RemoteWebDriver.java:164)
	at io.appium.java_client.AppiumDriver.&lt;init&gt;(AppiumDriver.java:90)
	at io.appium.java_client.AppiumDriver.&lt;init&gt;(AppiumDriver.java:102)
	at io.appium.java_client.android.AndroidDriver.&lt;init&gt;(AndroidDriver.java:109)
	at GeneralStore.Utulities.Driver.getDriver(Driver.java:40)
	at GeneralStore.Pages.FormSayfasi.&lt;init&gt;(FormSayfasi.java:19)
	at GeneralStore.Tests.TC01_PozitifTest.testGeneralStore(TC01_PozitifTest.java:21)
Caused by: org.openqa.selenium.WebDriverException: Connection refused: no further information
Build info: version: &apos;4.16.1&apos;, revision: &apos;9b4c83354e&apos;
System info: os.name: &apos;Windows 11&apos;, os.arch: &apos;amd64&apos;, os.version: &apos;10.0&apos;, java.version: &apos;11.0.16.1&apos;
Driver info: driver.version: Driver
	at io.appium.java_client.remote.AppiumCommandExecutor.lambda$execute$2(AppiumCommandExecutor.java:250)
	at java.base/java.util.Optional.orElseGet(Optional.java:369)
	at io.appium.java_client.remote.AppiumCommandExecutor.execute(AppiumCommandExecutor.java:249)
	at org.openqa.selenium.remote.RemoteWebDriver.execute(RemoteWebDriver.java:523)
	... 46 more
Caused by: java.net.ConnectException: Connection refused: no further information
	at java.base/sun.nio.ch.SocketChannelImpl.checkConnect(Native Method)
	at java.base/sun.nio.ch.SocketChannelImpl.finishConnect(SocketChannelImpl.java:779)
	at java.net.http/jdk.internal.net.http.PlainHttpConnection$ConnectEvent.handle(PlainHttpConnection.java:128)
	at java.net.http/jdk.internal.net.http.HttpClientImpl$SelectorManager.handleEvent(HttpClientImpl.java:957)
	at java.net.http/jdk.internal.net.http.HttpClientImpl$SelectorManager.lambda$run$3(HttpClientImpl.java:912)
	at java.base/java.util.ArrayList.forEach(ArrayList.java:1541)
	at java.net.http/jdk.internal.net.http.HttpClientImpl$SelectorManager.run(HttpClientImpl.java:912)
</failure>
    <system-out>Configuring TestNG with: org.apache.maven.surefire.testng.conf.TestNG652Configurator@2e3fc542
</system-out>
    <system-err>SLF4J: No SLF4J providers were found.
SLF4J: Defaulting to no-operation (NOP) logger implementation
SLF4J: See https://www.slf4j.org/codes.html#noProviders for further details.
</system-err>
  </testcase>
  <testcase classname="GeneralStore.Tests.TC02_NegatifTest" name="testGenaralStoreNegativeTest" time="0.01">
    <failure type="java.lang.NullPointerException">java.lang.NullPointerException
	at GeneralStore.Tests.TC02_NegatifTest.testGenaralStoreNegativeTest(TC02_NegatifTest.java:21)
</failure>
  </testcase>
</testsuite>