<?xml version="1.0" encoding="UTF-8"?>
<!-- Generated by org.testng.reporters.JUnitXMLReporter -->
<testsuite ignored="0" hostname="nuri" failures="1" tests="1" name="GeneralStore Smoke" time="146.646" errors="0" timestamp="2023-12-19T16:02:17 EET">
  <testcase classname="GeneralStore.Tests.TC01_PozitifTest" name="testGeneralStore" time="138.407">
    <failure type="java.lang.IndexOutOfBoundsException" message="Index 1 out of bounds for length 0">
      <![CDATA[java.lang.IndexOutOfBoundsException: Index 1 out of bounds for length 0
at java.base/jdk.internal.util.Preconditions.outOfBounds(Preconditions.java:64)
at java.base/jdk.internal.util.Preconditions.outOfBoundsCheckIndex(Preconditions.java:70)
at java.base/jdk.internal.util.Preconditions.checkIndex(Preconditions.java:248)
at java.base/java.util.Objects.checkIndex(Objects.java:372)
at java.base/java.util.ArrayList.get(ArrayList.java:459)
at io.appium.java_client.pagefactory.ElementListInterceptor.getObject(ElementListInterceptor.java:40)
at io.appium.java_client.pagefactory.interceptors.InterceptorOfAListOfElements.call(InterceptorOfAListOfElements.java:47)
at io.appium.java_client.proxy.Interceptor.intercept(Interceptor.java:77)
at net.bytebuddy.renamed.java.util.ArrayList$ByteBuddy$tOaCOskl.get(Unknown Source)
at GeneralStore.Pages.UrunKatalogSayfasi.sepeteUrunEkle(UrunKatalogSayfasi.java:29)
at GeneralStore.Tests.TC01_PozitifTest.testGeneralStore(TC01_PozitifTest.java:30)
at java.base/java.util.ArrayList.forEach(ArrayList.java:1541)
... Removed 35 stack frames]]>
    </failure>
  </testcase> <!-- testGeneralStore -->
</testsuite> <!-- GeneralStore Smoke -->
